TN:
SF:src\cli.js
FN:40,showBanner
FN:59,(anonymous_1)
FN:76,(anonymous_2)
FN:135,(anonymous_3)
FN:150,(anonymous_4)
FN:161,(anonymous_5)
FN:175,(anonymous_6)
FN:188,(anonymous_7)
FNF:8
FNH:0
FNDA:0,showBanner
FNDA:0,(anonymous_1)
FNDA:0,(anonymous_2)
FNDA:0,(anonymous_3)
FNDA:0,(anonymous_4)
FNDA:0,(anonymous_5)
FNDA:0,(anonymous_6)
FNDA:0,(anonymous_7)
DA:15,0
DA:16,0
DA:17,0
DA:18,0
DA:19,0
DA:20,0
DA:21,0
DA:24,0
DA:27,0
DA:38,0
DA:41,0
DA:42,0
DA:43,0
DA:48,0
DA:59,0
DA:60,0
DA:61,0
DA:62,0
DA:63,0
DA:65,0
DA:69,0
DA:78,0
DA:80,0
DA:81,0
DA:82,0
DA:89,0
DA:91,0
DA:92,0
DA:93,0
DA:94,0
DA:95,0
DA:98,0
DA:99,0
DA:102,0
DA:108,0
DA:111,0
DA:112,0
DA:114,0
DA:122,0
DA:123,0
DA:124,0
DA:125,0
DA:127,0
DA:132,0
DA:136,0
DA:137,0
DA:139,0
DA:150,0
DA:151,0
DA:152,0
DA:157,0
DA:162,0
DA:164,0
DA:165,0
DA:166,0
DA:167,0
DA:168,0
DA:172,0
DA:173,0
DA:174,0
DA:175,0
DA:176,0
DA:177,0
DA:178,0
DA:184,0
DA:187,0
DA:188,0
DA:191,0
DA:192,0
DA:195,0
DA:196,0
DA:197,0
DA:199,0
DA:205,0
DA:206,0
DA:207,0
DA:208,0
DA:209,0
DA:210,0
DA:211,0
DA:212,0
DA:213,0
DA:214,0
DA:218,0
LF:84
LH:0
BRDA:41,0,0,0
BRDA:41,0,1,0
BRDA:62,1,0,0
BRDA:62,1,1,0
BRDA:80,2,0,0
BRDA:80,2,1,0
BRDA:85,3,0,0
BRDA:85,3,1,0
BRDA:92,4,0,0
BRDA:92,4,1,0
BRDA:98,5,0,0
BRDA:98,5,1,0
BRDA:98,6,0,0
BRDA:98,6,1,0
BRDA:111,7,0,0
BRDA:111,7,1,0
BRDA:124,8,0,0
BRDA:124,8,1,0
BRDA:164,9,0,0
BRDA:164,9,1,0
BRDA:166,10,0,0
BRDA:166,10,1,0
BRDA:166,11,0,0
BRDA:166,11,1,0
BRDA:173,12,0,0
BRDA:173,12,1,0
BRDA:176,13,0,0
BRDA:176,13,1,0
BRDA:176,14,0,0
BRDA:176,14,1,0
BRDA:178,15,0,0
BRDA:178,15,1,0
BRDA:178,16,0,0
BRDA:178,16,1,0
BRDA:195,17,0,0
BRDA:195,17,1,0
BRDA:205,18,0,0
BRDA:205,18,1,0
BRF:38
BRH:0
end_of_record
